<?xml version="1.0" encoding="UTF-8"?>
<!-- Generated by org.testng.reporters.JUnitReportReporter -->
<testsuite hostname="DESKTOP-F3O7KVR" failures="0" tests="1" name="com.onenetwork.testcases.DownloadTest" time="8.042" errors="0" timestamp="2024-01-10T00:23:17 IST" skipped="0">
  <testcase classname="com.onenetwork.testcases.DownloadTest" name="downloadTest" time="8.042"/>
</testsuite> <!-- com.onenetwork.testcases.DownloadTest -->
