<?xml version="1.0" encoding="UTF-8"?>
<!-- Generated by org.testng.reporters.JUnitReportReporter -->
<testsuite hostname="DESKTOP-F3O7KVR" failures="0" tests="1" name="com.onenetwork.testcases.TooltipTest" time="6.685" errors="0" timestamp="2024-01-07T22:34:07 IST" skipped="0">
  <testcase classname="com.onenetwork.testcases.TooltipTest" name="tooltipTest" time="6.685"/>
</testsuite> <!-- com.onenetwork.testcases.TooltipTest -->
