<?xml version="1.0" encoding="UTF-8"?>
<!-- Generated by org.testng.reporters.JUnitReportReporter -->
<testsuite hostname="DESKTOP-F3O7KVR" failures="0" tests="1" name="com.onenetwork.testcases.BootStrapDropdownTest" time="5.950" errors="0" timestamp="2024-01-07T22:34:07 IST" skipped="0">
  <testcase classname="com.onenetwork.testcases.BootStrapDropdownTest" name="bootStrapDropdownTest" time="5.950"/>
</testsuite> <!-- com.onenetwork.testcases.BootStrapDropdownTest -->
