<?xml version="1.0" encoding="UTF-8"?>
<!-- Generated by org.testng.reporters.JUnitReportReporter -->
<testsuite hostname="DESKTOP-F3O7KVR" failures="0" tests="1" name="com.onenetwork.testcases.MenuSelectionTest" time="9.470" errors="0" timestamp="2024-01-07T22:34:07 IST" skipped="0">
  <testcase classname="com.onenetwork.testcases.MenuSelectionTest" name="menuSelectionTest" time="9.470"/>
</testsuite> <!-- com.onenetwork.testcases.MenuSelectionTest -->
